[2025-06-26T22:57:13,217][INFO ][stdout                   ] Creating /srv/nominatim/photon-build/data/photon_data/node_1/modules
[2025-06-26T22:57:13,219][INFO ][stdout                   ] Creating /srv/nominatim/photon-build/data/photon_data/node_1/plugins
[2025-06-26T22:57:13,228][INFO ][o.o.n.Node               ] version[2.19.1], pid[243034], build[unknown/unknown/unknown], OS[Linux/6.1.0-37-amd64/amd64], JVM[Debian/OpenJDK 64-Bit Server VM/17.0.15/17.0.15+6-Debian-1deb12u1]
[2025-06-26T22:57:13,229][INFO ][o.o.n.Node               ] JVM home [/usr/lib/jvm/java-17-openjdk-amd64]
[2025-06-26T22:57:13,232][INFO ][o.o.n.Node               ] JVM arguments []
[2025-06-26T22:57:13,240][INFO ][o.o.p.PluginsService     ] no modules loaded
[2025-06-26T22:57:13,240][INFO ][o.o.p.PluginsService     ] loaded plugin [org.opensearch.analysis.common.CommonAnalysisPlugin]
[2025-06-26T22:57:13,241][INFO ][o.o.p.PluginsService     ] loaded plugin [org.opensearch.geo.GeoModulePlugin]
[2025-06-26T22:57:13,241][INFO ][o.o.p.PluginsService     ] loaded plugin [org.opensearch.transport.Netty4Plugin]
[2025-06-26T22:57:13,273][INFO ][o.o.e.NodeEnvironment    ] using [1] data paths, mounts [[/ (/dev/md2)]], net usable_space [2.1tb], net total_space [7.2tb], types [ext4]
[2025-06-26T22:57:13,275][INFO ][o.o.e.NodeEnvironment    ] heap size [29.9gb], compressed ordinary object pointers [true]
[2025-06-26T22:57:13,305][INFO ][o.o.n.Node               ] node name [Node 1], node ID [p9g-qnK0QFSKYm5w03nRYg], cluster name [photon], roles [data, cluster_manager]
[2025-06-26T22:57:13,329][INFO ][o.o.e.ExtensionsManager  ] ExtensionsManager initialized
[2025-06-26T22:57:14,202][INFO ][o.o.t.NettyAllocator     ] creating NettyAllocator with the following configs: [name=opensearch_configured, chunk_size=1mb, suggested_max_allocation_size=1mb, factors={opensearch.unsafe.use_netty_default_chunk_and_page_size=false, g1gc_enabled=true, g1gc_region_size=16mb}]
[2025-06-26T22:57:14,266][INFO ][o.o.d.DiscoveryModule    ] using discovery type [single-node] and seed hosts providers [settings]
[2025-06-26T22:57:14,422][WARN ][o.o.g.DanglingIndicesState] gateway.auto_import_dangling_indices is disabled, dangling indices will not be automatically detected or imported and must be managed manually
[2025-06-26T22:57:14,519][INFO ][o.o.n.Node               ] initialized
[2025-06-26T22:57:14,519][INFO ][o.o.n.Node               ] starting ...
[2025-06-26T22:57:14,565][INFO ][o.o.t.TransportService   ] publish_address {127.0.0.1:9300}, bound_addresses {[::1]:9300}, {127.0.0.1:9300}
[2025-06-26T22:57:14,843][INFO ][o.o.c.c.Coordinator      ] setting initial configuration to VotingConfiguration{p9g-qnK0QFSKYm5w03nRYg}
[2025-06-26T22:57:15,293][INFO ][o.o.c.s.MasterService    ] Tasks batched with key: org.opensearch.cluster.coordination.JoinHelper, count:3 and sample tasks: elected-as-cluster-manager ([1] nodes joined)[{Node 1}{p9g-qnK0QFSKYm5w03nRYg}{Pw-AHPKaTr2V0QWGU298hA}{127.0.0.1}{127.0.0.1:9300}{dm}{shard_indexing_pressure_enabled=true} elect leader, _BECOME_CLUSTER_MANAGER_TASK_, _FINISH_ELECTION_], term: 1, version: 1, delta: cluster-manager node changed {previous [], current [{Node 1}{p9g-qnK0QFSKYm5w03nRYg}{Pw-AHPKaTr2V0QWGU298hA}{127.0.0.1}{127.0.0.1:9300}{dm}{shard_indexing_pressure_enabled=true}]}
[2025-06-26T22:57:15,429][INFO ][o.o.c.c.CoordinationState] cluster UUID set to [Ac4Ul2WNT4iiNVkIcm09Hw]
[2025-06-26T22:57:15,640][INFO ][o.o.c.s.ClusterApplierService] cluster-manager node changed {previous [], current [{Node 1}{p9g-qnK0QFSKYm5w03nRYg}{Pw-AHPKaTr2V0QWGU298hA}{127.0.0.1}{127.0.0.1:9300}{dm}{shard_indexing_pressure_enabled=true}]}, term: 1, version: 1, reason: Publication{term=1, version=1}
[2025-06-26T22:57:15,665][INFO ][o.o.d.PeerFinder         ] setting findPeersInterval to [1s] as node commission status = [true] for local node [{Node 1}{p9g-qnK0QFSKYm5w03nRYg}{Pw-AHPKaTr2V0QWGU298hA}{127.0.0.1}{127.0.0.1:9300}{dm}{shard_indexing_pressure_enabled=true}]
[2025-06-26T22:57:15,673][WARN ][o.o.c.r.a.AllocationService] Falling back to single shard assignment since batch mode disable or multiple custom allocators set
[2025-06-26T22:57:15,674][INFO ][o.o.h.AbstractHttpServerTransport] publish_address {127.0.0.1:9201}, bound_addresses {[::1]:9201}, {127.0.0.1:9201}
[2025-06-26T22:57:15,675][INFO ][o.o.n.Node               ] started
[2025-06-26T22:57:15,689][WARN ][o.o.c.r.a.AllocationService] Falling back to single shard assignment since batch mode disable or multiple custom allocators set
[2025-06-26T22:57:15,727][INFO ][o.o.g.GatewayService     ] recovered [0] indices into cluster_state
[2025-06-26T22:57:15,894][INFO ][d.k.p.App                ] Make sure that the ES cluster is ready, this might take some time.
[2025-06-26T22:57:15,984][INFO ][d.k.p.App                ] ES cluster is now ready.
[2025-06-26T22:57:15,984][INFO ][d.k.p.App                ] Reinitializing database index with languages en,de,fr.
[2025-06-26T22:57:16,047][INFO ][o.o.p.PluginsService     ] PluginService:onIndexModule index:[photon/5UTjsNIXRam-77M2s0aOLQ]
[2025-06-26T22:57:16,096][INFO ][o.o.c.m.MetadataCreateIndexService] [photon] creating index, cause [api], templates [], shards [5]/[1]
[2025-06-26T22:57:16,101][WARN ][o.o.c.r.a.AllocationService] Falling back to single shard assignment since batch mode disable or multiple custom allocators set
[2025-06-26T22:57:16,215][INFO ][o.o.p.PluginsService     ] PluginService:onIndexModule index:[photon/5UTjsNIXRam-77M2s0aOLQ]
[2025-06-26T22:57:18,206][WARN ][o.o.c.r.a.AllocationService] Falling back to single shard assignment since batch mode disable or multiple custom allocators set
[2025-06-26T22:57:19,102][WARN ][o.o.c.r.a.AllocationService] Falling back to single shard assignment since batch mode disable or multiple custom allocators set
[2025-06-26T22:57:19,123][INFO ][o.o.p.PluginsService     ] PluginService:onIndexModule index:[photon/5UTjsNIXRam-77M2s0aOLQ]
[2025-06-26T22:57:19,162][INFO ][o.o.c.m.MetadataMappingService] [photon/5UTjsNIXRam-77M2s0aOLQ] create_mapping
[2025-06-26T22:57:19,610][INFO ][o.o.c.m.MetadataUpdateSettingsService] updating number_of_replicas to [0] for indices [photon]
[2025-06-26T22:57:19,613][WARN ][o.o.c.r.a.AllocationService] Falling back to single shard assignment since batch mode disable or multiple custom allocators set
[2025-06-26T22:57:19,616][INFO ][o.o.p.PluginsService     ] PluginService:onIndexModule index:[photon/5UTjsNIXRam-77M2s0aOLQ]
[2025-06-26T22:57:19,627][INFO ][o.o.c.s.IndexScopedSettings] updating [index.refresh_interval] from [1s] to [-1]
[2025-06-26T22:57:19,705][INFO ][o.o.c.s.IndexScopedSettings] updating [index.refresh_interval] from [1s] to [-1]
[2025-06-26T22:57:19,710][INFO ][d.k.p.App                ] Connecting to database nominatim at localhost:5432
[2025-06-26T22:57:20,761][INFO ][d.k.p.n.m.NominatimAddressCache] Loaded 6205 address places for country sv
[2025-06-26T22:57:29,530][INFO ][d.k.p.n.ImportThread     ] Imported 50000 documents [5091.6496945010185/second]
[2025-06-26T22:57:33,871][INFO ][o.o.c.m.MetadataUpdateSettingsService] updating number_of_replicas to [1] for indices [photon]
[2025-06-26T22:57:33,873][WARN ][o.o.c.r.a.AllocationService] Falling back to single shard assignment since batch mode disable or multiple custom allocators set
[2025-06-26T22:57:33,877][INFO ][o.o.p.PluginsService     ] PluginService:onIndexModule index:[photon/5UTjsNIXRam-77M2s0aOLQ]
[2025-06-26T22:57:33,889][INFO ][o.o.c.s.IndexScopedSettings] updating [index.refresh_interval] from [-1] to [15s]
[2025-06-26T22:57:34,118][INFO ][o.o.c.s.IndexScopedSettings] updating [index.refresh_interval] from [-1] to [15s]
[2025-06-26T22:57:35,757][INFO ][d.k.p.n.ImportThread     ] Finished import of 69424 photon documents. (Total processing time: 16s)
[2025-06-26T22:57:35,757][INFO ][d.k.p.App                ] Database has been successfully set up with the following properties:
DatabaseProperties{languages=[en, de, fr], importDate=2025-06-24 08:03:30.0, supportStructuredQueries=false, supportGeometries=false}
[2025-06-26T22:57:35,760][INFO ][o.o.n.Node               ] stopping ...
[2025-06-26T22:57:38,215][INFO ][o.o.n.Node               ] stopped
[2025-06-26T22:57:38,215][INFO ][o.o.n.Node               ] closing ...
[2025-06-26T22:57:38,219][INFO ][o.o.n.Node               ] closed
[2025-06-26T22:57:38,219][INFO ][stdout                   ] Closed all nodes.
